0 info it worked if it ends with ok
1 verbose cli [ '/usr/bin/node', '/usr/bin/npm', 'publish' ]
2 info using npm@3.5.2
3 info using node@v8.10.0
4 verbose publish [ '.' ]
5 silly cache add args [ '.', null ]
6 verbose cache add spec .
7 silly cache add parsed spec Result {
7 silly cache add   raw: '.',
7 silly cache add   scope: null,
7 silly cache add   name: null,
7 silly cache add   rawSpec: '.',
7 silly cache add   spec: '/home/circulus/oled-disp',
7 silly cache add   type: 'directory' }
8 verbose addLocalDirectory /home/circulus/.npm/oled-disp/1.2.2/package.tgz not in flight; packing
9 info lifecycle oled-disp@1.2.2~prepublish: oled-disp@1.2.2
10 silly lifecycle oled-disp@1.2.2~prepublish: no script for prepublish, continuing
11 verbose tar pack [ '/home/circulus/.npm/oled-disp/1.2.2/package.tgz',
11 verbose tar pack   '/home/circulus/oled-disp' ]
12 verbose tarball /home/circulus/.npm/oled-disp/1.2.2/package.tgz
13 verbose folder /home/circulus/oled-disp
14 verbose addLocalTarball adding from inside cache /home/circulus/.npm/oled-disp/1.2.2/package.tgz
15 silly cache afterAdd oled-disp@1.2.2
16 verbose afterAdd /home/circulus/.npm/oled-disp/1.2.2/package/package.json not in flight; writing
17 verbose afterAdd /home/circulus/.npm/oled-disp/1.2.2/package/package.json written
18 silly publish { name: 'oled-disp',
18 silly publish   version: '1.2.2',
18 silly publish   description: '"oled-disp for raspberrypi, support hangul"',
18 silly publish   main: 'oled-disp.js',
18 silly publish   directories: { lib: 'lib' },
18 silly publish   scripts: { test: 'node test.js' },
18 silly publish   repository:
18 silly publish    { type: 'git',
18 silly publish      url: 'git+https://github.com/leeyunjai/oled-disp.git' },
18 silly publish   keywords: [ 'ssd1306', 'oled', 'hangul', 'spi' ],
18 silly publish   author: { name: 'Lee Yunjai' },
18 silly publish   license: 'MIT',
18 silly publish   bugs: { url: 'https://github.com/leeyunjai/oled-disp/issues' },
18 silly publish   homepage: 'https://github.com/leeyunjai/oled-disp#readme',
18 silly publish   readme: '# oled-disp\nThis is package of oled(ssd1306) for Raspberrypi.\n - support hangul(kor) end eng. (hangul(kor): 8x8, eng : 5x8)\n - only test SPI, 128x64(ssd1306)\n\n# Main functions\n - begin\n - clearDisplay\n - setCursor(x,y)\n - writeString(size, string, color, true) \n - update()\n - drawBitmap()\n\n# Example\n<pre><code>\nconst Oled = require(\'oled-disp\');\nconst oled = new Oled({ width: 128, height: 64, dcPin: 23, rstPin : 24}); // 7pin spi, rasp\n\noled.begin(function(){\n  oled.clearDisplay();\n});\n\n// Text example (kor and eng)\noled.setCursor(1, 1);\noled.writeString(2, "안녕 Hi", 2, true);\n\n// PNG example (128x64 png only)\npngtolcd("a.png", false, function(err, bitmap) {\n  oled.buffer = bitmap;\n  oled.update();\n}\n</code></pre>\n',
18 silly publish   readmeFilename: 'README.md',
18 silly publish   gitHead: '58f41943efa3d28bf508e108c4ec8e4cef0b5b8c',
18 silly publish   _id: 'oled-disp@1.2.2',
18 silly publish   _shasum: 'aa86fa9e5d3deaa49b518eece9749e6f29c7f1e5',
18 silly publish   _from: '.' }
19 verbose getPublishConfig undefined
20 silly mapToRegistry name oled-disp
21 silly mapToRegistry using default registry
22 silly mapToRegistry registry https://registry.npmjs.org/
23 silly mapToRegistry uri https://registry.npmjs.org/oled-disp
24 verbose publish registryBase https://registry.npmjs.org/
25 silly publish uploading /home/circulus/.npm/oled-disp/1.2.2/package.tgz
26 verbose stack Error: auth required for publishing
26 verbose stack     at CachingRegistryClient.publish (/usr/share/npm/node_modules/npm-registry-client/lib/publish.js:30:14)
26 verbose stack     at /usr/share/npm/lib/publish.js:137:14
26 verbose stack     at mapToRegistry (/usr/share/npm/lib/utils/map-to-registry.js:55:3)
26 verbose stack     at publish_ (/usr/share/npm/lib/publish.js:106:3)
26 verbose stack     at Array.<anonymous> (/usr/share/npm/node_modules/slide/lib/bind-actor.js:15:8)
26 verbose stack     at LOOP (/usr/share/npm/node_modules/slide/lib/chain.js:15:14)
26 verbose stack     at LOOP (/usr/share/npm/node_modules/slide/lib/chain.js:14:28)
26 verbose stack     at chain (/usr/share/npm/node_modules/slide/lib/chain.js:20:5)
26 verbose stack     at /usr/share/npm/lib/publish.js:72:5
26 verbose stack     at RES (/usr/share/npm/node_modules/inflight/inflight.js:23:14)
27 verbose cwd /home/circulus/oled-disp
28 error Linux 4.15.0-74-generic
29 error argv "/usr/bin/node" "/usr/bin/npm" "publish"
30 error node v8.10.0
31 error npm  v3.5.2
32 error code ENEEDAUTH
33 error need auth auth required for publishing
34 error need auth You need to authorize this machine using `npm adduser`
35 verbose exit [ 1, true ]
